   ------------------------------------------------------------
  | Welcome to ROOT 6.10/09                http://root.cern.ch |
  |                               (c) 1995-2017, The ROOT Team |
  | Built for linuxx8664gcc                                    |
  | From tag , 16 October 2017                                 |
  | Try '.help', '.demo', '.license', '.credits', '.quit'/'.q' |
   ------------------------------------------------------------


Processing csvReweight.C+(1,-100)...
===> Loading the input root file(s)...
	Input treefilename = /nfs/dust/cms/user/defrancm/BTVCSVReweight/DoubleEG*.root
===> Preparing the output .root file...
	Output histofilename = Output/csv_rwt_hf_DoubleEG_histo_All.root
===> Loading the input .csv SF file...
	Input CSV weight file = CSVv2_Moriond17_B_H.csv; measurementType = iterativefit; sysType = central

	Number of entries = 1971959
	Max number of entries = -1


========  Starting Event Loop  ========
           0	0% done
     Event 1
           100000	5% done
           200000	10% done
           300000	15% done
           400000	20% done
           500000	25% done
           600000	30% done
           700000	35% done
           800000	40% done
           900000	45% done
           1000000	50% done
           1100000	55% done
           1200000	60% done
           1300000	65% done
           1400000	70% done
           1500000	76% done
           1600000	81% done
           1700000	86% done
           1800000	91% done
           1900000	96% done

Total number of selected events is 163856
===========================================
  Number of all events = 1971959
  Number of events with == 2 jets      = 1730623
  Number of events with lepselection2  = 177872
  Number of events with lepselection1a = 856
  Number of events with lepselection1b = 177872
  Number of events with lepselection1c = 46137
  Number of events with exselection    = 163856
===========================================
Done!

