   ------------------------------------------------------------
  | Welcome to ROOT 6.10/09                http://root.cern.ch |
  |                               (c) 1995-2017, The ROOT Team |
  | Built for linuxx8664gcc                                    |
  | From tag , 16 October 2017                                 |
  | Try '.help', '.demo', '.license', '.credits', '.quit'/'.q' |
   ------------------------------------------------------------


Processing csvReweight.C+(1,2514)...
===> Loading the input root file(s)...
	Input treefilename = /nfs/dust/cms/user/defrancm/BTVCSVReweight/singletW*.root
===> Preparing the output .root file...
	Output histofilename = Output/csv_rwt_hf_singletW_histo_All.root
===> Loading the input .csv SF file...
	Input CSV weight file = CSVv2_Moriond17_B_H.csv; measurementType = iterativefit; sysType = central

	Number of entries = 15670
	Max number of entries = -1


========  Starting Event Loop  ========
           0	0% done
     Event 1

Total number of selected events is 11166
===========================================
  Number of all events = 15670
  Number of events with == 2 jets      = 14268
  Number of events with lepselection2  = 11488
  Number of events with lepselection1a = 3021
  Number of events with lepselection1b = 2021
  Number of events with lepselection1c = 6446
  Number of events with exselection    = 11166
===========================================
Done!

