   ------------------------------------------------------------
  | Welcome to ROOT 6.10/09                http://root.cern.ch |
  |                               (c) 1995-2017, The ROOT Team |
  | Built for linuxx8664gcc                                    |
  | From tag , 16 October 2017                                 |
  | Try '.help', '.demo', '.license', '.credits', '.quit'/'.q' |
   ------------------------------------------------------------


Processing csvReweight.C+(1,2300)...
===> Loading the input root file(s)...
	Input treefilename = /nfs/dust/cms/user/defrancm/BTVCSVReweight/zjets*.root
===> Preparing the output .root file...
	Output histofilename = Output/csv_rwt_hf_zjets_histo_All.root
===> Loading the input .csv SF file...
	Input CSV weight file = CSVv2_Moriond17_B_H.csv; measurementType = iterativefit; sysType = central

	Number of entries = 2297574
	Max number of entries = -1


========  Starting Event Loop  ========
           0	0% done
     Event 1
           100000	4% done
           200000	8% done
           300000	13% done
           400000	17% done
           500000	21% done
           600000	26% done
           700000	30% done
           800000	34% done
           900000	39% done
           1000000	43% done
           1100000	47% done
           1200000	52% done
           1300000	56% done
           1400000	60% done
           1500000	65% done
           1600000	69% done
           1700000	73% done
           1800000	78% done
           1900000	82% done
           2000000	87% done
           2100000	91% done
           2200000	95% done

Total number of selected events is 89348
===========================================
  Number of all events = 2297574
  Number of events with == 2 jets      = 1615374
  Number of events with lepselection2  = 90917
  Number of events with lepselection1a = 53301
  Number of events with lepselection1b = 31104
  Number of events with lepselection1c = 6512
  Number of events with exselection    = 89348
===========================================
Done!

