   ------------------------------------------------------------
  | Welcome to ROOT 6.10/09                http://root.cern.ch |
  |                               (c) 1995-2017, The ROOT Team |
  | Built for linuxx8664gcc                                    |
  | From tag , 16 October 2017                                 |
  | Try '.help', '.demo', '.license', '.credits', '.quit'/'.q' |
   ------------------------------------------------------------


Processing csvReweight.C+(0,2500)...
===> Loading the input root file(s)...
	Input treefilename = /nfs/dust/cms/user/defrancm/BTVCSVReweight/ttjets*.root
===> Preparing the output .root file...
	Output histofilename = Output/csv_rwt_lf_ttjets_histo_All.root
===> Loading the input .csv SF file...
	Input CSV weight file = CSVv2_Moriond17_B_H.csv; measurementType = iterativefit; sysType = central

	Number of entries = 7306337
	Max number of entries = -1


========  Starting Event Loop  ========
           0	0% done
     Event 1
           100000	1% done
           200000	2% done
           300000	4% done
           400000	5% done
           500000	6% done
           600000	8% done
           700000	9% done
           800000	10% done
           900000	12% done
           1000000	13% done
           1100000	15% done
           1200000	16% done
           1300000	17% done
           1400000	19% done
           1500000	20% done
           1600000	21% done
           1700000	23% done
           1800000	24% done
           1900000	26% done
           2000000	27% done
           2100000	28% done
           2200000	30% done
           2300000	31% done
           2400000	32% done
           2500000	34% done
           2600000	35% done
           2700000	36% done
           2800000	38% done
           2900000	39% done
           3000000	41% done
           3100000	42% done
           3200000	43% done
           3300000	45% done
           3400000	46% done
           3500000	47% done
           3600000	49% done
           3700000	50% done
           3800000	52% done
           3900000	53% done
           4000000	54% done
           4100000	56% done
           4200000	57% done
           4300000	58% done
           4400000	60% done
           4500000	61% done
           4600000	62% done
           4700000	64% done
           4800000	65% done
           4900000	67% done
           5000000	68% done
           5100000	69% done
           5200000	71% done
           5300000	72% done
           5400000	73% done
           5500000	75% done
           5600000	76% done
           5700000	78% done
           5800000	79% done
           5900000	80% done
           6000000	82% done
           6100000	83% done
           6200000	84% done
           6300000	86% done
           6400000	87% done
           6500000	88% done
           6600000	90% done
           6700000	91% done
           6800000	93% done
           6900000	94% done
           7000000	95% done
           7100000	97% done
           7200000	98% done
           7300000	99% done

Total number of selected events is 38094
===========================================
  Number of all events = 7306337
  Number of events with == 2 jets      = 7105794
  Number of events with lepselection2  = 38588
  Number of events with lepselection1a = 23559
  Number of events with lepselection1b = 15029
  Number of events with lepselection1c = 0
  Number of events with exselection    = 38094
===========================================
Done!

