   ------------------------------------------------------------
  | Welcome to ROOT 6.10/09                http://root.cern.ch |
  |                               (c) 1995-2017, The ROOT Team |
  | Built for linuxx8664gcc                                    |
  | From tag , 16 October 2017                                 |
  | Try '.help', '.demo', '.license', '.credits', '.quit'/'.q' |
   ------------------------------------------------------------


Processing csvReweight.C+(1,2600)...
===> Loading the input root file(s)...
	Input treefilename = /nfs/dust/cms/user/defrancm/BTVCSVReweight/WW*.root
===> Preparing the output .root file...
	Output histofilename = Output/csv_rwt_hf_WW_histo_All.root
===> Loading the input .csv SF file...
	Input CSV weight file = CSVv2_Moriond17_B_H.csv; measurementType = iterativefit; sysType = central

	Number of entries = 76571
	Max number of entries = -1


========  Starting Event Loop  ========
           0	0% done
     Event 1

Total number of selected events is 47887
===========================================
  Number of all events = 76571
  Number of events with == 2 jets      = 61605
  Number of events with lepselection2  = 49022
  Number of events with lepselection1a = 13206
  Number of events with lepselection1b = 8346
  Number of events with lepselection1c = 27470
  Number of events with exselection    = 47887
===========================================
Done!

